<?xml version="1.0" encoding="UTF-8"?>
<testng-results ignored="0" total="8" passed="8" failed="0" skipped="0">
  <reporter-output>
  </reporter-output>
  <suite started-at="2024-12-29T19:41:32 IST" name="Default suite" finished-at="2024-12-29T19:41:49 IST" duration-ms="16807">
    <groups>
    </groups>
    <test started-at="2024-12-29T19:41:32 IST" name="Default test" finished-at="2024-12-29T19:41:49 IST" duration-ms="16807">
      <class name="com.tests.HomePageTest">
        <test-method is-config="true" signature="setup()[pri:0, instance:com.tests.HomePageTest@5542c4ed]" started-at="2024-12-29T19:41:32 IST" name="setup" finished-at="2024-12-29T19:41:36 IST" duration-ms="4065" status="PASS">
          <reporter-output>
          </reporter-output>
        </test-method> <!-- setup -->
        <test-method is-config="true" signature="setupReport()[pri:0, instance:com.tests.HomePageTest@5542c4ed]" started-at="2024-12-29T19:41:36 IST" name="setupReport" finished-at="2024-12-29T19:41:37 IST" duration-ms="341" status="PASS">
          <reporter-output>
          </reporter-output>
        </test-method> <!-- setupReport -->
        <test-method signature="Test1()[pri:1, instance:com.tests.HomePageTest@5542c4ed]" started-at="2024-12-29T19:41:37 IST" name="Test1" finished-at="2024-12-29T19:41:37 IST" duration-ms="42" status="PASS">
          <reporter-output>
          </reporter-output>
        </test-method> <!-- Test1 -->
        <test-method is-config="true" signature="captureScreenshotAfterTest(org.testng.ITestResult)[pri:0, instance:com.tests.HomePageTest@5542c4ed]" started-at="2024-12-29T19:41:37 IST" name="captureScreenshotAfterTest" finished-at="2024-12-29T19:41:37 IST" duration-ms="267" status="PASS">
          <params>
            <param index="0">
              <value>
                <![CDATA[[TestResult name=Test1 status=SUCCESS method=HomePageTest.Test1()[pri:1, instance:com.tests.HomePageTest@5542c4ed] output={null}]]]>
              </value>
            </param>
          </params>
          <reporter-output>
          </reporter-output>
        </test-method> <!-- captureScreenshotAfterTest -->
        <test-method signature="validateSignup()[pri:2, instance:com.tests.HomePageTest@5542c4ed]" started-at="2024-12-29T19:41:37 IST" name="validateSignup" finished-at="2024-12-29T19:41:42 IST" duration-ms="4769" status="PASS">
          <reporter-output>
          </reporter-output>
        </test-method> <!-- validateSignup -->
        <test-method is-config="true" signature="captureScreenshotAfterTest(org.testng.ITestResult)[pri:0, instance:com.tests.HomePageTest@5542c4ed]" started-at="2024-12-29T19:41:42 IST" name="captureScreenshotAfterTest" finished-at="2024-12-29T19:41:42 IST" duration-ms="203" status="PASS">
          <params>
            <param index="0">
              <value>
                <![CDATA[[TestResult name=validateSignup status=SUCCESS method=HomePageTest.validateSignup()[pri:2, instance:com.tests.HomePageTest@5542c4ed] output={null}]]]>
              </value>
            </param>
          </params>
          <reporter-output>
          </reporter-output>
        </test-method> <!-- captureScreenshotAfterTest -->
        <test-method signature="validateLogin()[pri:3, instance:com.tests.HomePageTest@5542c4ed]" started-at="2024-12-29T19:41:42 IST" name="validateLogin" finished-at="2024-12-29T19:41:47 IST" duration-ms="4360" status="PASS">
          <reporter-output>
          </reporter-output>
        </test-method> <!-- validateLogin -->
        <test-method is-config="true" signature="captureScreenshotAfterTest(org.testng.ITestResult)[pri:0, instance:com.tests.HomePageTest@5542c4ed]" started-at="2024-12-29T19:41:47 IST" name="captureScreenshotAfterTest" finished-at="2024-12-29T19:41:47 IST" duration-ms="214" status="PASS">
          <params>
            <param index="0">
              <value>
                <![CDATA[[TestResult name=validateLogin status=SUCCESS method=HomePageTest.validateLogin()[pri:3, instance:com.tests.HomePageTest@5542c4ed] output={null}]]]>
              </value>
            </param>
          </params>
          <reporter-output>
          </reporter-output>
        </test-method> <!-- captureScreenshotAfterTest -->
        <test-method signature="validateNumberOfCategories()[pri:4, instance:com.tests.HomePageTest@5542c4ed]" started-at="2024-12-29T19:41:47 IST" name="validateNumberOfCategories" finished-at="2024-12-29T19:41:47 IST" duration-ms="36" status="PASS">
          <reporter-output>
          </reporter-output>
        </test-method> <!-- validateNumberOfCategories -->
        <test-method is-config="true" signature="captureScreenshotAfterTest(org.testng.ITestResult)[pri:0, instance:com.tests.HomePageTest@5542c4ed]" started-at="2024-12-29T19:41:47 IST" name="captureScreenshotAfterTest" finished-at="2024-12-29T19:41:47 IST" duration-ms="219" status="PASS">
          <params>
            <param index="0">
              <value>
                <![CDATA[[TestResult name=validateNumberOfCategories status=SUCCESS method=HomePageTest.validateNumberOfCategories()[pri:4, instance:com.tests.HomePageTest@5542c4ed] output={null}]]]>
              </value>
            </param>
          </params>
          <reporter-output>
          </reporter-output>
        </test-method> <!-- captureScreenshotAfterTest -->
        <test-method signature="validateListOfCategories()[pri:5, instance:com.tests.HomePageTest@5542c4ed]" started-at="2024-12-29T19:41:47 IST" name="validateListOfCategories" finished-at="2024-12-29T19:41:47 IST" duration-ms="42" status="PASS">
          <reporter-output>
          </reporter-output>
        </test-method> <!-- validateListOfCategories -->
        <test-method is-config="true" signature="captureScreenshotAfterTest(org.testng.ITestResult)[pri:0, instance:com.tests.HomePageTest@5542c4ed]" started-at="2024-12-29T19:41:47 IST" name="captureScreenshotAfterTest" finished-at="2024-12-29T19:41:47 IST" duration-ms="213" status="PASS">
          <params>
            <param index="0">
              <value>
                <![CDATA[[TestResult name=validateListOfCategories status=SUCCESS method=HomePageTest.validateListOfCategories()[pri:5, instance:com.tests.HomePageTest@5542c4ed] output={null}]]]>
              </value>
            </param>
          </params>
          <reporter-output>
          </reporter-output>
        </test-method> <!-- captureScreenshotAfterTest -->
        <test-method signature="validatePhoneProducts()[pri:6, instance:com.tests.HomePageTest@5542c4ed]" started-at="2024-12-29T19:41:47 IST" name="validatePhoneProducts" finished-at="2024-12-29T19:41:47 IST" duration-ms="199" status="PASS">
          <reporter-output>
          </reporter-output>
        </test-method> <!-- validatePhoneProducts -->
        <test-method is-config="true" signature="captureScreenshotAfterTest(org.testng.ITestResult)[pri:0, instance:com.tests.HomePageTest@5542c4ed]" started-at="2024-12-29T19:41:47 IST" name="captureScreenshotAfterTest" finished-at="2024-12-29T19:41:48 IST" duration-ms="246" status="PASS">
          <params>
            <param index="0">
              <value>
                <![CDATA[[TestResult name=validatePhoneProducts status=SUCCESS method=HomePageTest.validatePhoneProducts()[pri:6, instance:com.tests.HomePageTest@5542c4ed] output={null}]]]>
              </value>
            </param>
          </params>
          <reporter-output>
          </reporter-output>
        </test-method> <!-- captureScreenshotAfterTest -->
        <test-method signature="validateLaptopProducts()[pri:7, instance:com.tests.HomePageTest@5542c4ed]" started-at="2024-12-29T19:41:48 IST" name="validateLaptopProducts" finished-at="2024-12-29T19:41:48 IST" duration-ms="161" status="PASS">
          <reporter-output>
          </reporter-output>
        </test-method> <!-- validateLaptopProducts -->
        <test-method is-config="true" signature="captureScreenshotAfterTest(org.testng.ITestResult)[pri:0, instance:com.tests.HomePageTest@5542c4ed]" started-at="2024-12-29T19:41:48 IST" name="captureScreenshotAfterTest" finished-at="2024-12-29T19:41:48 IST" duration-ms="221" status="PASS">
          <params>
            <param index="0">
              <value>
                <![CDATA[[TestResult name=validateLaptopProducts status=SUCCESS method=HomePageTest.validateLaptopProducts()[pri:7, instance:com.tests.HomePageTest@5542c4ed] output={null}]]]>
              </value>
            </param>
          </params>
          <reporter-output>
          </reporter-output>
        </test-method> <!-- captureScreenshotAfterTest -->
        <test-method signature="validateMonitorProducts()[pri:8, instance:com.tests.HomePageTest@5542c4ed]" started-at="2024-12-29T19:41:48 IST" name="validateMonitorProducts" finished-at="2024-12-29T19:41:48 IST" duration-ms="126" status="PASS">
          <reporter-output>
          </reporter-output>
        </test-method> <!-- validateMonitorProducts -->
        <test-method is-config="true" signature="captureScreenshotAfterTest(org.testng.ITestResult)[pri:0, instance:com.tests.HomePageTest@5542c4ed]" started-at="2024-12-29T19:41:48 IST" name="captureScreenshotAfterTest" finished-at="2024-12-29T19:41:48 IST" duration-ms="184" status="PASS">
          <params>
            <param index="0">
              <value>
                <![CDATA[[TestResult name=validateMonitorProducts status=SUCCESS method=HomePageTest.validateMonitorProducts()[pri:8, instance:com.tests.HomePageTest@5542c4ed] output={null}]]]>
              </value>
            </param>
          </params>
          <reporter-output>
          </reporter-output>
        </test-method> <!-- captureScreenshotAfterTest -->
        <test-method is-config="true" signature="tearDown()[pri:0, instance:com.tests.HomePageTest@5542c4ed]" started-at="2024-12-29T19:41:48 IST" name="tearDown" finished-at="2024-12-29T19:41:49 IST" duration-ms="809" status="PASS">
          <reporter-output>
          </reporter-output>
        </test-method> <!-- tearDown -->
      </class> <!-- com.tests.HomePageTest -->
    </test> <!-- Default test -->
  </suite> <!-- Default suite -->
</testng-results>
