<?xml version="1.0" encoding="UTF-8"?>
<!-- Generated by org.testng.reporters.JUnitXMLReporter -->
<testsuite ignored="0" hostname="Sambit" failures="0" tests="8" name="Default test" time="16.807" errors="0" timestamp="2024-12-29T19:41:49 IST">
  <testcase classname="com.tests.HomePageTest" name="Test1" time="0.042"/>
  <testcase classname="com.tests.HomePageTest" name="validateSignup" time="4.769"/>
  <testcase classname="com.tests.HomePageTest" name="validateLogin" time="4.36"/>
  <testcase classname="com.tests.HomePageTest" name="validateNumberOfCategories" time="0.036"/>
  <testcase classname="com.tests.HomePageTest" name="validateListOfCategories" time="0.042"/>
  <testcase classname="com.tests.HomePageTest" name="validatePhoneProducts" time="0.199"/>
  <testcase classname="com.tests.HomePageTest" name="validateLaptopProducts" time="0.161"/>
  <testcase classname="com.tests.HomePageTest" name="validateMonitorProducts" time="0.126"/>
</testsuite> <!-- Default test -->
